Arguments: 
  D:\developtools\nodejs\node.exe D:\developtools\yarn\bin\yarn.js add lottie-web

PATH: 
  D:\developtools\go\bin;D:\developtools\xshell6破解版\xshell6\;C:\ProgramData\Oracle\Java\javapath;C:\Windows\system32;C:\Windows;C:\Windows\System32\Wbem;C:\Windows\System32\WindowsPowerShell\v1.0\;D:\php;D:\developtools\Git\bin;C:\Program Files\Java\jdk1.8.0_144\bin;D:\developtools\apache-maven-3.3.9\bin;D:\developtools\Microsoft VS Code\bin;D:\developtools\python;D:\developtools\python\Scripts;D:\developtools\yarn\bin\;D:\developtools\nvm;D:\developtools\nodejs;D:\developtools\go\bin;D:\developtools\Git LFS;D:\developtools\curl\bin;D:\developtools\go\bin;C:\Users\liuqi1-os\AppData\Local\Yarn\bin;D:\developtools\nvm;D:\developtools\nodejs;D:\developtools\IntelliJ IDEA\bin;D:\workspace\go-projects\bin;D:\developtools\Ruby22-x64\bin;D:\developtools\curl\bin;D:\developtools\Fiddler

Yarn version: 
  1.22.4

Node version: 
  12.16.3

Platform: 
  win32 x64

Trace: 
  Error: ENOENT: no such file or directory, copyfile 'C:\Users\liuqi1-os\AppData\Local\Yarn\Cache\v6\npm-ms-2.1.2-d09d1f357b443f493382a8eb3ccd183872ae6009-integrity\node_modules\ms\index.js' -> 'D:\projects-github\qim\node_modules\eslint\node_modules\ms\index.js'

npm manifest: 
  {
    "name": "qim",
    "version": "1.0.0",
    "description": "7月学手机端web",
    "main": "index.js",
    "scripts": {
      "test": "echo \"Error: no test specified\" && exit 1"
    },
    "repository": {
      "type": "git",
      "url": "git+https://github.com/dirkliu/qim.git"
    },
    "author": "Jason",
    "license": "ISC",
    "bugs": {
      "url": "https://github.com/dirkliu/qim/issues"
    },
    "homepage": "https://github.com/dirkliu/qim#readme",
    "devDependencies": {
      "eslint": "^5.0.1",
      "koa": "^2.5.1",
      "mocha": "^5.2.0",
      "rollup": "^0.62.0",
      "rollup-plugin-json": "^3.0.0"
    },
    "dependencies": {
      "mpvue": "^1.0.13",
      "vue": "^2.5.16"
    }
  }

yarn manifest: 
  No manifest

Lockfile: 
  No lockfile
